<?xml version="1.0" encoding="UTF-8"?>
<testsuite name="TestSuite" time="118.459" tests="3" errors="0" skipped="0" failures="1">
  <properties>
[...]
</properties>
  <testcase name="createAcc" classname="testAllure2.CreatingAccount" time="46.474"/>
  <testcase name="modifyAcc" classname="testAllure2.CreatingAccount" time="36.648"/>
  <testcase name="deleteAcc" classname="testAllure2.CreatingAccount" time="35.337">
    <failure message="expected [Meet Guru99 - Free Training Tutorials &amp; Video for IT Courses] but found [guru]" type="java.lang.AssertionError"><![CDATA[java.lang.AssertionError: expected [Meet Guru99 - Free Training Tutorials & Video for IT Courses] but found [guru]
	at org.testng.Assert.fail(Assert.java:94)
	at org.testng.Assert.failNotEquals(Assert.java:494)
	at org.testng.Assert.assertEquals(Assert.java:123)
	at org.testng.Assert.assertEquals(Assert.java:176)
	at org.testng.Assert.assertEquals(Assert.java:186)
	at testAllure2.CreatingAccount.deleteAcc(CreatingAccount.java:62)
]]></failure>
    <system-out><![CDATA[Hey how are you
]]></system-out>
    <system-err><![CDATA[Starting ChromeDriver 2.37.544315 (730aa6a5fdba159ac9f4c1e8cbc59bf1b5ce12b7) on port 7746
Only local connections are allowed.
Apr 29, 2018 11:18:29 PM org.openqa.selenium.remote.ProtocolHandshake createSession
INFO: Detected dialect: OSS
]]></system-err>
  </testcase>
</testsuite>